Build started 12/18/2016 5:38:27 PM.
     1>Project "C:\Users\Aleksander\Desktop\Projects\PythonIntegration\PythonIntegration\PythonIntegration.vcxproj" on node 2 (build target(s)).
     1>InitializeBuildStatus:
         Creating "Release\PythonIntegration.unsuccessfulbuild" because "AlwaysCreate" was specified.
       ClCompile:
         All outputs are up-to-date.
         c:\Program Files (x86)\Microsoft Visual Studio 10.0\VC\bin\CL.exe /c /I"C:\Users\Aleksander\AppData\Local\Programs\Python\Python35-32\include" /I"C:\Users\Aleksander\AppData\Local\Programs\Python\Python35-32\Lib\site-packages\numpy\core\include\numpy" /Zi /nologo /W3 /WX- /O2 /Oi /Oy- /GL /D WIN32 /D NDEBUG /D _CONSOLE /D _UNICODE /D UNICODE /Gm- /EHsc /MD /GS /Gy /fp:precise /Zc:wchar_t /Zc:forScope /Yu"StdAfx.h" /Fp"Release\PythonIntegration.pch" /Fo"Release\\" /Fd"Release\vc100.pdb" /Gd /TP /analyze- /errorReport:prompt PythonIntegration.cpp
         PythonIntegration.cpp
     1>c:\users\aleksander\appdata\local\programs\python\python35-32\lib\site-packages\numpy\core\include\numpy\npy_1_7_deprecated_api.h(12): warning Msg: Using deprecated NumPy API, disable it by #defining NPY_NO_DEPRECATED_API NPY_1_7_API_VERSION
     1>PythonIntegration.cpp(32): warning C4101: 'objectsRepresentation' : unreferenced local variable
       Link:
         c:\Program Files (x86)\Microsoft Visual Studio 10.0\VC\bin\link.exe /ERRORREPORT:PROMPT /OUT:"C:\Users\Aleksander\Desktop\Projects\PythonIntegration\Release\PythonIntegration.exe" /INCREMENTAL:NO /NOLOGO /LIBPATH:"C:\Users\Aleksander\AppData\Local\Programs\Python\Python35-32\libs" python3.lib kernel32.lib user32.lib gdi32.lib winspool.lib comdlg32.lib advapi32.lib shell32.lib ole32.lib oleaut32.lib uuid.lib odbc32.lib odbccp32.lib /MANIFEST /ManifestFile:"Release\PythonIntegration.exe.intermediate.manifest" /MANIFESTUAC:"level='asInvoker' uiAccess='false'" /DEBUG /PDB:"C:\Users\Aleksander\Desktop\Projects\PythonIntegration\Release\PythonIntegration.pdb" /SUBSYSTEM:CONSOLE /OPT:REF /OPT:ICF /LTCG /TLBID:1 /DYNAMICBASE /NXCOMPAT /IMPLIB:"C:\Users\Aleksander\Desktop\Projects\PythonIntegration\Release\PythonIntegration.lib" /MACHINE:X86 Release\PythonIntegration.obj
         Release\stdafx.obj
         Generating code
         Finished generating code
         PythonIntegration.vcxproj -> C:\Users\Aleksander\Desktop\Projects\PythonIntegration\Release\PythonIntegration.exe
       Manifest:
         C:\Program Files (x86)\Microsoft SDKs\Windows\v7.0A\bin\mt.exe /nologo /verbose /outputresource:"C:\Users\Aleksander\Desktop\Projects\PythonIntegration\Release\PythonIntegration.exe;#1" /manifest Release\PythonIntegration.exe.intermediate.manifest
       FinalizeBuildStatus:
         Deleting file "Release\PythonIntegration.unsuccessfulbuild".
         Touching "Release\PythonIntegration.lastbuildstate".
     1>Done Building Project "C:\Users\Aleksander\Desktop\Projects\PythonIntegration\PythonIntegration\PythonIntegration.vcxproj" (build target(s)).

Build succeeded.

Time Elapsed 00:00:00.93
